2025-11-10 17:52:50,903 - freqtrade - INFO - freqtrade 2025.11-dev-9862ea1
2025-11-10 17:52:51,257 - numexpr.utils - INFO - NumExpr defaulting to 16 threads.
2025-11-10 17:52:52,836 - freqtrade.worker - INFO - Starting worker 2025.11-dev-9862ea1
2025-11-10 17:52:52,837 - freqtrade.configuration.load_config - INFO - Using config: user_data/config.json ...
2025-11-10 17:52:52,839 - freqtrade.loggers - INFO - Enabling colorized output.
2025-11-10 17:52:52,839 - freqtrade.loggers - INFO - Logfile configured
2025-11-10 17:52:52,839 - freqtrade.loggers - INFO - Verbosity set to 0
2025-11-10 17:52:52,840 - freqtrade.configuration.configuration - INFO - Runmode set to dry_run.
2025-11-10 17:52:52,840 - freqtrade.configuration.configuration - INFO - Dry run is enabled
2025-11-10 17:52:52,840 - freqtrade.configuration.configuration - INFO - Using DB: "sqlite:///tradesv3.dryrun.sqlite"
2025-11-10 17:52:52,841 - freqtrade.configuration.configuration - INFO - Using max_open_trades: 2 ...
2025-11-10 17:52:52,841 - freqtrade.configuration.configuration - INFO - Using user-data directory: /home/shared/Thank_U_Crypto/freqtrade/user_data ...
2025-11-10 17:52:52,842 - freqtrade.configuration.configuration - INFO - Using data directory: /home/shared/Thank_U_Crypto/freqtrade/user_data/data/bitget ...
2025-11-10 17:52:52,842 - freqtrade.exchange.check_exchange - INFO - Checking exchange...
2025-11-10 17:52:52,853 - freqtrade.exchange.check_exchange - INFO - Exchange "bitget" is officially supported by the Freqtrade development team.
2025-11-10 17:52:52,854 - freqtrade.configuration.configuration - INFO - Using pairlist from configuration.
2025-11-10 17:52:52,854 - freqtrade.exchange.exchange - INFO - Instance is running with dry_run enabled
2025-11-10 17:52:52,855 - freqtrade.exchange.exchange - INFO - Using CCXT 4.5.12
2025-11-10 17:52:52,855 - freqtrade.exchange.exchange - INFO - Applying additional ccxt config: {'enableRateLimit': True}
2025-11-10 17:52:52,862 - freqtrade.exchange.exchange - INFO - Applying additional ccxt config: {'enableRateLimit': True, 'rateLimit': 100}
2025-11-10 17:52:52,873 - freqtrade.exchange.exchange - INFO - Using Exchange "Bitget"
2025-11-10 17:52:55,214 - freqtrade.resolvers.exchange_resolver - INFO - Using resolved exchange 'Bitget'...
2025-11-10 17:52:55,508 - Roostoo - INFO - RoostooAPIClient initialized, account net value: 50000
2025-11-10 17:52:55,540 - freqtrade.resolvers.iresolver - INFO - Using resolved strategy Thank_U_Crypto from '/home/shared/Thank_U_Crypto/freqtrade/user_data/strategies/thank_u_crypto.py'...
2025-11-10 17:52:55,541 - freqtrade.strategy.hyper - INFO - Found no parameter file.
2025-11-10 17:52:55,542 - freqtrade.resolvers.strategy_resolver - INFO - Override strategy 'stake_currency' with value from the configuration: USDT.
2025-11-10 17:52:55,542 - freqtrade.resolvers.strategy_resolver - INFO - Override strategy 'stake_amount' with value from the configuration: unlimited.
2025-11-10 17:52:55,542 - freqtrade.resolvers.strategy_resolver - INFO - Override strategy 'unfilledtimeout' with value from the configuration: {'entry': 10, 'exit': 10, 'exit_timeout_count': 0, 
'unit': 'minutes'}.
2025-11-10 17:52:55,543 - freqtrade.resolvers.strategy_resolver - INFO - Override strategy 'use_exit_signal' with value from the configuration: True.
2025-11-10 17:52:55,543 - freqtrade.resolvers.strategy_resolver - INFO - Override strategy 'exit_profit_only' with value from the configuration: False.
2025-11-10 17:52:55,543 - freqtrade.resolvers.strategy_resolver - INFO - Override strategy 'ignore_roi_if_entry_signal' with value from the configuration: False.
2025-11-10 17:52:55,544 - freqtrade.resolvers.strategy_resolver - INFO - Override strategy 'max_open_trades' with value from the configuration: 2.
2025-11-10 17:52:55,544 - freqtrade.resolvers.strategy_resolver - INFO - Strategy using minimal_roi: {'0': 1}
2025-11-10 17:52:55,544 - freqtrade.resolvers.strategy_resolver - INFO - Strategy using timeframe: 5m
2025-11-10 17:52:55,544 - freqtrade.resolvers.strategy_resolver - INFO - Strategy using stoploss: -0.25
2025-11-10 17:52:55,545 - freqtrade.resolvers.strategy_resolver - INFO - Strategy using trailing_stop: False
2025-11-10 17:52:55,545 - freqtrade.resolvers.strategy_resolver - INFO - Strategy using trailing_stop_positive: 0.002
2025-11-10 17:52:55,545 - freqtrade.resolvers.strategy_resolver - INFO - Strategy using trailing_stop_positive_offset: 0.05
2025-11-10 17:52:55,546 - freqtrade.resolvers.strategy_resolver - INFO - Strategy using trailing_only_offset_is_reached: True
2025-11-10 17:52:55,546 - freqtrade.resolvers.strategy_resolver - INFO - Strategy using use_custom_stoploss: True
2025-11-10 17:52:55,547 - freqtrade.resolvers.strategy_resolver - INFO - Strategy using process_only_new_candles: True
2025-11-10 17:52:55,547 - freqtrade.resolvers.strategy_resolver - INFO - Strategy using order_types: {'entry': 'limit', 'exit': 'limit', 'emergency_exit': 'market', 'force_entry': 'market', 
'force_exit': 'market', 'stoploss': 'market', 'stoploss_on_exchange': False, 'stoploss_on_exchange_interval': 60, 'stoploss_on_exchange_market_ratio': 0.99}
2025-11-10 17:52:55,548 - freqtrade.resolvers.strategy_resolver - INFO - Strategy using order_time_in_force: {'entry': 'gtc', 'exit': 'gtc'}
2025-11-10 17:52:55,549 - freqtrade.resolvers.strategy_resolver - INFO - Strategy using stake_currency: USDT
2025-11-10 17:52:55,549 - freqtrade.resolvers.strategy_resolver - INFO - Strategy using stake_amount: unlimited
2025-11-10 17:52:55,550 - freqtrade.resolvers.strategy_resolver - INFO - Strategy using startup_candle_count: 400
2025-11-10 17:52:55,550 - freqtrade.resolvers.strategy_resolver - INFO - Strategy using unfilledtimeout: {'entry': 10, 'exit': 10, 'exit_timeout_count': 0, 'unit': 'minutes'}
2025-11-10 17:52:55,551 - freqtrade.resolvers.strategy_resolver - INFO - Strategy using use_exit_signal: True
2025-11-10 17:52:55,552 - freqtrade.resolvers.strategy_resolver - INFO - Strategy using exit_profit_only: False
2025-11-10 17:52:55,552 - freqtrade.resolvers.strategy_resolver - INFO - Strategy using ignore_roi_if_entry_signal: False
2025-11-10 17:52:55,553 - freqtrade.resolvers.strategy_resolver - INFO - Strategy using exit_profit_offset: 0.0
2025-11-10 17:52:55,553 - freqtrade.resolvers.strategy_resolver - INFO - Strategy using disable_dataframe_checks: False
2025-11-10 17:52:55,554 - freqtrade.resolvers.strategy_resolver - INFO - Strategy using ignore_buying_expired_candle_after: 0
2025-11-10 17:52:55,554 - freqtrade.resolvers.strategy_resolver - INFO - Strategy using position_adjustment_enable: False
2025-11-10 17:52:55,554 - freqtrade.resolvers.strategy_resolver - INFO - Strategy using max_entry_position_adjustment: -1
2025-11-10 17:52:55,555 - freqtrade.resolvers.strategy_resolver - INFO - Strategy using max_open_trades: 2
2025-11-10 17:52:55,555 - freqtrade.configuration.config_validation - INFO - Validating configuration ...
2025-11-10 17:52:55,960 - freqtrade.wallets - INFO - Wallets synced.
2025-11-10 17:52:56,315 - freqtrade.rpc.rpc_manager - INFO - Enabling rpc.api_server
2025-11-10 17:52:56,493 - freqtrade.rpc.api_server.webserver - INFO - Starting HTTP Server at 127.0.0.1:18081
2025-11-10 17:52:56,493 - freqtrade.rpc.api_server.webserver - INFO - Starting Local Rest Server.
2025-11-10 17:52:56,513 - uvicorn.error - INFO - Started server process [23725]
2025-11-10 17:52:56,513 - uvicorn.error - INFO - Waiting for application startup.
2025-11-10 17:52:56,514 - uvicorn.error - INFO - Application startup complete.
2025-11-10 17:52:56,516 - uvicorn.error - INFO - Uvicorn running on http://127.0.0.1:18081 (Press CTRL+C to quit)
2025-11-10 17:52:56,522 - freqtrade.resolvers.iresolver - INFO - Using resolved pairlist StaticPairList from '/home/shared/Thank_U_Crypto/freqtrade/freqtrade/plugins/pairlist/StaticPairList.py'...
2025-11-10 17:52:56,523 - freqtrade.freqtradebot - INFO - Starting initial pairlist refresh
2025-11-10 17:52:56,564 - freqtrade.plugins.pairlistmanager - INFO - Whitelist with 61 pairs: ['TRX/USDT', 'EDEN/USDT', 'AVNT/USDT', 'BONK/USDT', 'PEPE/USDT', 'BNB/USDT', 'APT/USDT', 'LINEA/USDT', 
'WIF/USDT', 'VIRTUAL/USDT', 'NEAR/USDT', 'PUMP/USDT', 'FET/USDT', 'ADA/USDT', 'AVAX/USDT', 'PLUME/USDT', 'LTC/USDT', 'FORM/USDT', 'CRV/USDT', 'BTC/USDT', 'XPL/USDT', 'TUT/USDT', 'PAXG/USDT', 
'SOMI/USDT', 'SHIB/USDT', 'BIO/USDT', 'DOT/USDT', 'FIL/USDT', 'S/USDT', 'SEI/USDT', 'LISTA/USDT', 'STO/USDT', 'WLFI/USDT', 'TRUMP/USDT', 'ARB/USDT', 'EIGEN/USDT', 'LINK/USDT', 'SUI/USDT', 'WLD/USDT', 
'ASTER/USDT', 'TAO/USDT', 'XLM/USDT', 'ENA/USDT', 'SOL/USDT', 'FLOKI/USDT', 'TON/USDT', 'PENDLE/USDT', 'OPEN/USDT', 'POL/USDT', 'MIRA/USDT', 'ETH/USDT', 'DOGE/USDT', 'ONDO/USDT', 'BMT/USDT', 
'CFX/USDT', 'ICP/USDT', 'UNI/USDT', 'ZEN/USDT', 'AAVE/USDT', 'HBAR/USDT', 'CAKE/USDT']
2025-11-10 17:52:56,565 - freqtrade.freqtradebot - INFO - Initial Pairlist refresh took 0.04s
2025-11-10 17:52:56,566 - freqtrade.strategy.hyper - INFO - No params for buy found, using default values.
2025-11-10 17:52:56,566 - freqtrade.strategy.hyper - INFO - Strategy Parameter(default): ema_candles_entry = 12
2025-11-10 17:52:56,566 - freqtrade.strategy.hyper - INFO - No params for sell found, using default values.
2025-11-10 17:52:56,567 - freqtrade.strategy.hyper - INFO - Strategy Parameter(default): ema_candles_exit = 22
2025-11-10 17:52:56,567 - freqtrade.strategy.hyper - INFO - Strategy Parameter(default): exit_threshold_1 = 1.008
2025-11-10 17:52:56,568 - freqtrade.strategy.hyper - INFO - Strategy Parameter(default): exit_threshold_2 = 1.016
2025-11-10 17:52:56,568 - freqtrade.strategy.hyper - INFO - No params for protection found, using default values.
2025-11-10 17:52:56,571 - freqtrade.resolvers.iresolver - INFO - Using resolved protection LowProfitPairs from 
'/home/shared/Thank_U_Crypto/freqtrade/freqtrade/plugins/protections/low_profit_pairs.py'...
2025-11-10 17:52:56,572 - freqtrade.resolvers.iresolver - INFO - Using resolved protection CooldownPeriod from 
'/home/shared/Thank_U_Crypto/freqtrade/freqtrade/plugins/protections/cooldown_period.py'...
2025-11-10 17:52:56,572 - freqtrade.rpc.rpc_manager - INFO - Sending rpc message: {'type': status, 'status': 'running'}
2025-11-10 17:52:56,572 - freqtrade.worker - INFO - Changing state to: RUNNING
2025-11-10 17:52:56,612 - freqtrade.rpc.rpc_manager - INFO - Sending rpc message: {'type': warning, 'status': 'Dry run is enabled. All trades are simulated.'}
2025-11-10 17:52:56,612 - freqtrade.rpc.rpc_manager - INFO - Sending rpc message: {'type': startup, 'status': "*Exchange:* `bitget`\n*Stake per trade:* `unlimited USDT`\n*Minimum ROI:* `{'0': 
1}`\n*Stoploss:* `-0.25`\n*Position adjustment:* `Off`\n*Timeframe:* `5m`\n*Strategy:* `Thank_U_Crypto`"}
2025-11-10 17:52:56,613 - freqtrade.rpc.rpc_manager - INFO - Sending rpc message: {'type': startup, 'status': "Searching for USDT pairs to buy and sell based on [{'StaticPairList': 
'StaticPairList'}]"}
2025-11-10 17:52:56,613 - freqtrade.rpc.rpc_manager - INFO - Sending rpc message: {'type': startup, 'status': 'Using Protections: \nLowProfitPairs - Low Profit Protection, locks pairs with profit < 
-0.05 within 60 candles.\nCooldownPeriod - Cooldown period for 5 candles.'}
2025-11-10 17:53:05,154 - freqtrade.worker - INFO - Bot heartbeat. PID=23725, version='2025.11-dev-9862ea1', state='RUNNING'
2025-11-10 17:53:09,931 - uvicorn.error - INFO - 127.0.0.1:60682 - "WebSocket 
/api/v1/message/ws?token=eyJhbGciOiJIUzI1NiIsInR5cCI6IkpXVCJ9.eyJpZGVudGl0eSI6eyJ1IjoiZnJlcXRyYWRlciJ9LCJleHAiOjE3NjI3NjkxMDksImlhdCI6MTc2Mjc2ODIwOSwidHlwZSI6ImFjY2VzcyJ9.ZiP5U7G5rtyF3SoPqrrQfPKI9qIVn
Fdk52I6mlI0IP8" [accepted]
2025-11-10 17:53:09,933 - freqtrade.rpc.api_server.ws.channel - INFO - Connected to channel - WebSocketChannel(20e139d4, ('127.0.0.1', 60682))
2025-11-10 17:53:09,934 - uvicorn.error - INFO - connection open
2025-11-10 17:53:10,632 - uvicorn.error - INFO - 127.0.0.1:53310 - "WebSocket 
/api/v1/message/ws?token=eyJhbGciOiJIUzI1NiIsInR5cCI6IkpXVCJ9.eyJpZGVudGl0eSI6eyJ1IjoiZnJlcXRyYWRlciJ9LCJleHAiOjE3NjI3NjkxMTAsImlhdCI6MTc2Mjc2ODIxMCwidHlwZSI6ImFjY2VzcyJ9.37YnANe_LI8EKxUNCB1B7x6CekI9l
TuLxz9tnoCkEpI" [accepted]
2025-11-10 17:53:10,632 - freqtrade.rpc.api_server.ws.channel - INFO - Connected to channel - WebSocketChannel(5053a3ef, ('127.0.0.1', 53310))
2025-11-10 17:53:10,633 - uvicorn.error - INFO - connection open
2025-11-10 17:53:30,439 - freqtrade.commands.trade_commands - INFO - worker found ... calling exit
2025-11-10 17:53:30,440 - freqtrade.rpc.rpc_manager - INFO - Sending rpc message: {'type': status, 'status': 'process died'}
2025-11-10 17:53:30,442 - freqtrade.freqtradebot - INFO - Cleaning up modules ...
2025-11-10 17:53:30,444 - freqtrade.rpc.rpc_manager - INFO - Cleaning up rpc modules ...
2025-11-10 17:53:30,445 - freqtrade.rpc.rpc_manager - INFO - Cleaning up rpc.apiserver ...
2025-11-10 17:53:30,446 - freqtrade.rpc.api_server.webserver - INFO - Stopping API Server
2025-11-10 17:53:30,546 - uvicorn.error - INFO - Shutting down
2025-11-10 17:53:30,547 - uvicorn.error - INFO - connection closed
2025-11-10 17:53:30,548 - uvicorn.error - INFO - connection closed
2025-11-10 17:53:30,550 - freqtrade.rpc.api_server.ws.channel - INFO - Disconnected from channel - WebSocketChannel(5053a3ef, ('127.0.0.1', 53310))
2025-11-10 17:53:30,550 - freqtrade.rpc.api_server.ws.channel - INFO - Disconnected from channel - WebSocketChannel(20e139d4, ('127.0.0.1', 60682))
2025-11-10 17:53:30,648 - uvicorn.error - INFO - Waiting for application shutdown.
2025-11-10 17:53:30,649 - uvicorn.error - INFO - Application shutdown complete.
2025-11-10 17:53:30,650 - uvicorn.error - INFO - Finished server process [23725]
2025-11-10 17:53:30,914 - freqtrade - INFO - SIGINT received, aborting ...
